Android/Android/sharetaxiandroidstudio/app/build/intermediates/manifest_merge_blame_file/debug/manifest-merger-blame-debug-report.txt
1<?xml version="1.0" encoding="utf-8"?>
2<manifest xmlns:android="http://schemas.android.com/apk/res/android"
3    package="com.example.sharetaxi"
4    android:versionCode="1"
5    android:versionName="1.0" >
6
7    <uses-sdk
7-->src\main\AndroidManifest.xml:7:5-9:41
8        android:minSdkVersion="19"
8-->src\main\AndroidManifest.xml:8:9-35
9        android:targetSdkVersion="30" />
9-->src\main\AndroidManifest.xml:9:9-38
10
11    <uses-permission android:name="android.permission.INTERNET" />
11-->src\main\AndroidManifest.xml:11:5-67
11-->src\main\AndroidManifest.xml:11:22-64
12    <uses-permission android:name="android.permission.ACCESS_COARSE_LOCATION" />
12-->src\main\AndroidManifest.xml:12:5-81
12-->src\main\AndroidManifest.xml:12:22-78
13    <uses-permission android:name="android.permission.ACCESS_FINE_LOCATION" />
13-->src\main\AndroidManifest.xml:13:5-79
13-->src\main\AndroidManifest.xml:13:22-76
14
15    <application
15-->src\main\AndroidManifest.xml:15:5-87:19
16        android:allowBackup="true"
16-->src\main\AndroidManifest.xml:16:9-35
17        android:appComponentFactory="android.support.v4.app.CoreComponentFactory"
17-->[com.android.support:support-compat:28.0.0] AndroidManifest.xml:22:18-91
18        android:debuggable="true"
19        android:icon="@drawable/d"
19-->src\main\AndroidManifest.xml:17:9-35
20        android:label="@string/app_name"
20-->src\main\AndroidManifest.xml:18:9-41
21        android:requestLegacyExternalStorage="true"
21-->src\main\AndroidManifest.xml:20:9-52
22        android:theme="@style/AppTheme"
22-->src\main\AndroidManifest.xml:21:9-40
23        android:usesCleartextTraffic="true" >
23-->src\main\AndroidManifest.xml:19:9-44
24        <activity android:name="com.example.sharetaxi.Set_new_password" />
24-->src\main\AndroidManifest.xml:22:9-63
24-->src\main\AndroidManifest.xml:22:19-51
25        <activity android:name="com.example.sharetaxi.Forgot_password" />
25-->src\main\AndroidManifest.xml:23:9-53
25-->src\main\AndroidManifest.xml:23:19-50
26        <activity
26-->src\main\AndroidManifest.xml:24:9-32:20
27            android:name="com.example.sharetaxi.IPSETTINGS"
27-->src\main\AndroidManifest.xml:25:13-39
28            android:label="@string/app_name" >
28-->src\main\AndroidManifest.xml:26:13-45
29            <intent-filter>
29-->src\main\AndroidManifest.xml:27:13-31:29
30                <action android:name="android.intent.action.MAIN" />
30-->src\main\AndroidManifest.xml:28:17-69
30-->src\main\AndroidManifest.xml:28:25-66
31
32                <category android:name="android.intent.category.LAUNCHER" />
32-->src\main\AndroidManifest.xml:30:17-77
32-->src\main\AndroidManifest.xml:30:27-74
33            </intent-filter>
34        </activity>
35
36        <service android:name="com.example.sharetaxi.LocationService" />
36-->src\main\AndroidManifest.xml:34:9-52
36-->src\main\AndroidManifest.xml:34:18-49
37
38        <activity
38-->src\main\AndroidManifest.xml:36:9-38:60
39            android:name="com.example.sharetaxi.Login"
39-->src\main\AndroidManifest.xml:37:13-34
40            android:label="@string/title_activity_login" />
40-->src\main\AndroidManifest.xml:38:13-57
41        <activity
41-->src\main\AndroidManifest.xml:39:9-41:67
42            android:name="com.example.sharetaxi.Registration"
42-->src\main\AndroidManifest.xml:40:13-41
43            android:label="@string/title_activity_registration" />
43-->src\main\AndroidManifest.xml:41:13-64
44        <activity
44-->src\main\AndroidManifest.xml:42:9-44:68
45            android:name="com.example.sharetaxi.SEND_REQUEST"
45-->src\main\AndroidManifest.xml:43:13-41
46            android:label="@string/title_activity_send__request" />
46-->src\main\AndroidManifest.xml:44:13-65
47        <activity
47-->src\main\AndroidManifest.xml:45:9-47:59
48            android:name="com.example.sharetaxi.Home"
48-->src\main\AndroidManifest.xml:46:13-33
49            android:label="@string/title_activity_home" />
49-->src\main\AndroidManifest.xml:47:13-56
50        <activity
50-->src\main\AndroidManifest.xml:48:9-50:70
51            android:name="com.example.sharetaxi.REQUEST_STATUS"
51-->src\main\AndroidManifest.xml:49:13-43
52            android:label="@string/title_activity_request__status" />
52-->src\main\AndroidManifest.xml:50:13-67
53        <activity
53-->src\main\AndroidManifest.xml:51:9-53:66
54            android:name="com.example.sharetaxi.TRACKDRIVER"
54-->src\main\AndroidManifest.xml:52:13-40
55            android:label="@string/title_activity_trackdriver" />
55-->src\main\AndroidManifest.xml:53:13-63
56        <activity
56-->src\main\AndroidManifest.xml:54:9-56:69
57            android:name="com.example.sharetaxi.REQUESTDETAILS"
57-->src\main\AndroidManifest.xml:55:13-43
58            android:label="@string/title_activity_requestdetails" />
58-->src\main\AndroidManifest.xml:56:13-66
59        <activity
59-->src\main\AndroidManifest.xml:57:9-59:65
60            android:name="com.example.sharetaxi.Advancepay"
60-->src\main\AndroidManifest.xml:58:13-39
61            android:label="@string/title_activity_advancepay" />
61-->src\main\AndroidManifest.xml:59:13-62
62        <activity
62-->src\main\AndroidManifest.xml:60:9-62:68
63            android:name="com.example.sharetaxi.Notif_details"
63-->src\main\AndroidManifest.xml:61:13-42
64            android:label="@string/title_activity_notif_details" />
64-->src\main\AndroidManifest.xml:62:13-65
65        <activity
65-->src\main\AndroidManifest.xml:63:9-65:63
66            android:name="com.example.sharetaxi.Feedback"
66-->src\main\AndroidManifest.xml:64:13-37
67            android:label="@string/title_activity_feedback" />
67-->src\main\AndroidManifest.xml:65:13-60
68        <activity
68-->src\main\AndroidManifest.xml:66:9-68:64
69            android:name="com.example.sharetaxi.Complaint"
69-->src\main\AndroidManifest.xml:67:13-38
70            android:label="@string/title_activity_complaint" />
70-->src\main\AndroidManifest.xml:68:13-61
71        <activity
71-->src\main\AndroidManifest.xml:69:9-71:65
72            android:name="com.example.sharetaxi.Add_rating"
72-->src\main\AndroidManifest.xml:70:13-39
73            android:label="@string/title_activity_add_rating" />
73-->src\main\AndroidManifest.xml:71:13-62
74        <activity
74-->src\main\AndroidManifest.xml:72:9-74:59
75            android:name="com.example.sharetaxi.RATE"
75-->src\main\AndroidManifest.xml:73:13-33
76            android:label="@string/title_activity_rate" />
76-->src\main\AndroidManifest.xml:74:13-56
77        <activity
77-->src\main\AndroidManifest.xml:75:9-77:65
78            android:name="com.example.sharetaxi.Share_home"
78-->src\main\AndroidManifest.xml:76:13-39
79            android:label="@string/title_activity_share_home" />
79-->src\main\AndroidManifest.xml:77:13-62
80        <activity
80-->src\main\AndroidManifest.xml:78:9-80:68
81            android:name="com.example.sharetaxi.Sharetoothers"
81-->src\main\AndroidManifest.xml:79:13-42
82            android:label="@string/title_activity_sharetoothers" />
82-->src\main\AndroidManifest.xml:80:13-65
83        <activity
83-->src\main\AndroidManifest.xml:81:9-83:66
84            android:name="com.example.sharetaxi.View_shared"
84-->src\main\AndroidManifest.xml:82:13-40
85            android:label="@string/title_activity_view_shared" />
85-->src\main\AndroidManifest.xml:83:13-63
86        <activity
86-->src\main\AndroidManifest.xml:84:9-86:71
87            android:name="com.example.sharetaxi.SHARE_REQ_SENT"
87-->src\main\AndroidManifest.xml:85:13-43
88            android:label="@string/title_activity_share__req__sent" />
88-->src\main\AndroidManifest.xml:86:13-68
89    </application>
90
91</manifest>